[GIN-debug] [WARNING] Running in "debug" mode. Switch to "release" mode in production.
 - using env:	export GIN_MODE=release
 - using code:	gin.SetMode(gin.ReleaseMode)

[GIN-debug] GET    /css/*filepath            --> github.com/gin-gonic/gin.(*RouterGroup).createStaticHandler.func1 (5 handlers)
[GIN-debug] HEAD   /css/*filepath            --> github.com/gin-gonic/gin.(*RouterGroup).createStaticHandler.func1 (5 handlers)
[GIN-debug] Loaded HTML Templates (4): 
	- index.html
	- 
	- footer.html
	- header.html

[GIN-debug] GET    /api/videos               --> main.main.func1 (5 handlers)
[GIN-debug] POST   /api/videos               --> main.main.func2 (5 handlers)
[GIN-debug] GET    /view/videos              --> github.com/jhahspu/golang-gin/controller.VideoController.ShowAll-fm (5 handlers)
[GIN-debug] Listening and serving HTTP on :8080
::1 - [20 Nov 20 13:20 GMT] POST /api/videos 200 12.9928ms 
::1 - [20 Nov 20 13:21 GMT] GET /view/videos 200 1.9969ms 
::1 - [20 Nov 20 13:21 GMT] GET /view/videos 200 996.9µs 
::1 - [20 Nov 20 13:21 GMT] GET /css/style.min.css 200 141.9184ms 
::1 - [20 Nov 20 13:21 GMT] GET /favicon.ico 404 999.6µs 
::1 - [20 Nov 20 13:21 GMT] GET /view/videos 200 3.0021ms 
::1 - [20 Nov 20 13:21 GMT] GET /css/style.min.css 200 2.9835ms 
::1 - [20 Nov 20 13:21 GMT] GET /favicon.ico 404 6.0015ms 
::1 - [20 Nov 20 13:21 GMT] GET /view/videos 200 8.9961ms 
::1 - [20 Nov 20 13:21 GMT] GET /css/style.min.css 200 23.9843ms 
::1 - [20 Nov 20 13:21 GMT] GET /favicon.ico 404 998.4µs 
::1 - [20 Nov 20 13:21 GMT] GET /view/videos 200 2.9985ms 
::1 - [20 Nov 20 13:21 GMT] GET /css/style.min.css 304 8.9909ms 
::1 - [20 Nov 20 13:22 GMT] GET /view/videos 200 1.9814ms 
::1 - [20 Nov 20 13:22 GMT] GET /css/style.min.css 200 33.5175ms 
::1 - [20 Nov 20 13:22 GMT] GET /favicon.ico 404 0s 
::1 - [20 Nov 20 13:25 GMT] GET /view/videos 200 2.9965ms 
::1 - [20 Nov 20 13:25 GMT] GET /css/style.min.css 200 52.9699ms 
